2025-08-08 01:46:28,049 INFO:MAPE-K System:[MAPE-K] Monitoring sensors...
2025-08-08 01:46:28,078 INFO:MAPE-K System:[MAPE-K] Sensor data: [{'node_id': 'motor_1', 'timestamp': datetime.datetime(2025, 8, 8, 1, 46, 26, 628009), 'water_level': None, 'temperature': None, 'tds_voltage': None, 'flow_rate': None}, {'node_id': 'water_flow_1', 'timestamp': datetime.datetime(2025, 8, 8, 1, 46, 26, 638724), 'water_level': None, 'temperature': None, 'tds_voltage': None, 'flow_rate': None}, {'node_id': 'water_level_1', 'timestamp': datetime.datetime(2025, 8, 8, 1, 46, 26, 659068), 'water_level': 6.65, 'temperature': 20.79, 'tds_voltage': None, 'flow_rate': None}, {'node_id': 'water_quality_1', 'timestamp': datetime.datetime(2025, 8, 8, 1, 46, 26, 615205), 'water_level': None, 'temperature': 20.51, 'tds_voltage': 0.69, 'flow_rate': None}]
2025-08-08 01:46:28,078 INFO:MAPE-K System:[MAPE-K] Analyzing data...
2025-08-08 01:46:28,078 WARNING:MAPE-K System:Null value for water_level in node motor_1
2025-08-08 01:46:28,078 WARNING:MAPE-K System:Null value for temperature in node motor_1
2025-08-08 01:46:28,078 WARNING:MAPE-K System:Null value for tds_voltage in node motor_1
2025-08-08 01:46:28,078 WARNING:MAPE-K System:Null value for flow_rate in node motor_1
2025-08-08 01:46:28,078 INFO:MAPE-K System:[MAPE-K] Analysis result: [{'node_id': 'motor_1', 'water_level': 0, 'temperature': 0, 'tds_voltage': 0, 'flow_rate': 0, 'state': 'emergency'}]
2025-08-08 01:46:28,079 INFO:MAPE-K System:[MAPE-K] Planning actions...
2025-08-08 01:46:28,079 INFO:MAPE-K System:[MAPE-K] Plans selected: [{'node_id': 'motor_1', 'plan': (3, 'WL003', 'motor_1', 'emergency_stop', '{"condition": "safety_threshold_exceeded"}', 1, 'emergency', 'Emergency Motor Stop and Alarm', datetime.datetime(2025, 8, 8, 1, 39, 9, 867602))}]
2025-08-08 01:46:28,079 INFO:MAPE-K System:[MAPE-K] Executing plans...
2025-08-08 01:46:28,079 INFO:MAPE-K System:[MAPE-K] Execution complete.
2025-08-08 01:47:28,081 INFO:MAPE-K System:[MAPE-K] Monitoring sensors...
2025-08-08 01:47:28,118 INFO:MAPE-K System:[MAPE-K] Sensor data: [{'node_id': 'motor_1', 'timestamp': datetime.datetime(2025, 8, 8, 1, 47, 26, 671597), 'water_level': None, 'temperature': None, 'tds_voltage': None, 'flow_rate': None}, {'node_id': 'water_flow_1', 'timestamp': datetime.datetime(2025, 8, 8, 1, 47, 26, 682891), 'water_level': None, 'temperature': None, 'tds_voltage': None, 'flow_rate': None}, {'node_id': 'water_level_1', 'timestamp': datetime.datetime(2025, 8, 8, 1, 47, 26, 694346), 'water_level': 2.14, 'temperature': 23.44, 'tds_voltage': None, 'flow_rate': None}, {'node_id': 'water_quality_1', 'timestamp': datetime.datetime(2025, 8, 8, 1, 47, 26, 657233), 'water_level': None, 'temperature': 58.54, 'tds_voltage': 3.75, 'flow_rate': None}]
2025-08-08 01:47:28,118 INFO:MAPE-K System:[MAPE-K] Analyzing data...
2025-08-08 01:47:28,118 WARNING:MAPE-K System:Null value for water_level in node motor_1
2025-08-08 01:47:28,118 WARNING:MAPE-K System:Null value for temperature in node motor_1
2025-08-08 01:47:28,118 WARNING:MAPE-K System:Null value for tds_voltage in node motor_1
2025-08-08 01:47:28,118 WARNING:MAPE-K System:Null value for flow_rate in node motor_1
2025-08-08 01:47:28,118 INFO:MAPE-K System:[MAPE-K] Analysis result: [{'node_id': 'motor_1', 'water_level': 0, 'temperature': 0, 'tds_voltage': 0, 'flow_rate': 0, 'state': 'emergency'}]
2025-08-08 01:47:28,118 INFO:MAPE-K System:[MAPE-K] Planning actions...
2025-08-08 01:47:28,118 INFO:MAPE-K System:[MAPE-K] Plans selected: [{'node_id': 'motor_1', 'plan': (3, 'WL003', 'motor_1', 'emergency_stop', '{"condition": "safety_threshold_exceeded"}', 1, 'emergency', 'Emergency Motor Stop and Alarm', datetime.datetime(2025, 8, 8, 1, 39, 9, 867602))}]
2025-08-08 01:47:28,118 INFO:MAPE-K System:[MAPE-K] Executing plans...
2025-08-08 01:47:28,119 INFO:MAPE-K System:[MAPE-K] Execution complete.
2025-08-08 01:48:28,128 INFO:MAPE-K System:[MAPE-K] Monitoring sensors...
2025-08-08 01:48:28,183 INFO:MAPE-K System:[MAPE-K] Sensor data: [{'node_id': 'motor_1', 'timestamp': datetime.datetime(2025, 8, 8, 1, 48, 26, 718873), 'water_level': None, 'temperature': None, 'tds_voltage': None, 'flow_rate': None}, {'node_id': 'water_flow_1', 'timestamp': datetime.datetime(2025, 8, 8, 1, 48, 26, 729792), 'water_level': None, 'temperature': None, 'tds_voltage': None, 'flow_rate': None}, {'node_id': 'water_level_1', 'timestamp': datetime.datetime(2025, 8, 8, 1, 48, 26, 740823), 'water_level': 7.9, 'temperature': 24.47, 'tds_voltage': None, 'flow_rate': None}, {'node_id': 'water_quality_1', 'timestamp': datetime.datetime(2025, 8, 8, 1, 48, 26, 702339), 'water_level': None, 'temperature': 28.1, 'tds_voltage': 2.31, 'flow_rate': None}]
2025-08-08 01:48:28,183 INFO:MAPE-K System:[MAPE-K] Analyzing data...
2025-08-08 01:48:28,183 WARNING:MAPE-K System:Null value for water_level in node motor_1
2025-08-08 01:48:28,183 WARNING:MAPE-K System:Null value for temperature in node motor_1
2025-08-08 01:48:28,183 WARNING:MAPE-K System:Null value for tds_voltage in node motor_1
2025-08-08 01:48:28,183 WARNING:MAPE-K System:Null value for flow_rate in node motor_1
2025-08-08 01:48:28,184 INFO:MAPE-K System:[MAPE-K] Analysis result: [{'node_id': 'motor_1', 'water_level': 0, 'temperature': 0, 'tds_voltage': 0, 'flow_rate': 0, 'state': 'emergency'}]
2025-08-08 01:48:28,184 INFO:MAPE-K System:[MAPE-K] Planning actions...
2025-08-08 01:48:28,184 INFO:MAPE-K System:[MAPE-K] Plans selected: [{'node_id': 'motor_1', 'plan': (3, 'WL003', 'motor_1', 'emergency_stop', '{"condition": "safety_threshold_exceeded"}', 1, 'emergency', 'Emergency Motor Stop and Alarm', datetime.datetime(2025, 8, 8, 1, 39, 9, 867602))}]
2025-08-08 01:48:28,184 INFO:MAPE-K System:[MAPE-K] Executing plans...
2025-08-08 01:48:28,184 INFO:MAPE-K System:[MAPE-K] Execution complete.
2025-08-08 01:49:28,186 INFO:MAPE-K System:[MAPE-K] Monitoring sensors...
2025-08-08 01:49:28,223 INFO:MAPE-K System:[MAPE-K] Sensor data: [{'node_id': 'motor_1', 'timestamp': datetime.datetime(2025, 8, 8, 1, 49, 26, 761646), 'water_level': None, 'temperature': None, 'tds_voltage': None, 'flow_rate': None}, {'node_id': 'water_flow_1', 'timestamp': datetime.datetime(2025, 8, 8, 1, 49, 26, 775065), 'water_level': None, 'temperature': None, 'tds_voltage': None, 'flow_rate': None}, {'node_id': 'water_level_1', 'timestamp': datetime.datetime(2025, 8, 8, 1, 49, 26, 788546), 'water_level': 6.49, 'temperature': 27.31, 'tds_voltage': None, 'flow_rate': None}, {'node_id': 'water_quality_1', 'timestamp': datetime.datetime(2025, 8, 8, 1, 49, 26, 746991), 'water_level': None, 'temperature': 22.03, 'tds_voltage': 0.81, 'flow_rate': None}]
2025-08-08 01:49:28,223 INFO:MAPE-K System:[MAPE-K] Analyzing data...
2025-08-08 01:49:28,223 WARNING:MAPE-K System:Null value for water_level in node motor_1
2025-08-08 01:49:28,223 WARNING:MAPE-K System:Null value for temperature in node motor_1
2025-08-08 01:49:28,223 WARNING:MAPE-K System:Null value for tds_voltage in node motor_1
2025-08-08 01:49:28,223 WARNING:MAPE-K System:Null value for flow_rate in node motor_1
2025-08-08 01:49:28,223 INFO:MAPE-K System:[MAPE-K] Analysis result: [{'node_id': 'motor_1', 'water_level': 0, 'temperature': 0, 'tds_voltage': 0, 'flow_rate': 0, 'state': 'emergency'}]
2025-08-08 01:49:28,223 INFO:MAPE-K System:[MAPE-K] Planning actions...
2025-08-08 01:49:28,224 INFO:MAPE-K System:[MAPE-K] Plans selected: [{'node_id': 'motor_1', 'plan': (3, 'WL003', 'motor_1', 'emergency_stop', '{"condition": "safety_threshold_exceeded"}', 1, 'emergency', 'Emergency Motor Stop and Alarm', datetime.datetime(2025, 8, 8, 1, 39, 9, 867602))}]
2025-08-08 01:49:28,224 INFO:MAPE-K System:[MAPE-K] Executing plans...
2025-08-08 01:49:28,224 INFO:MAPE-K System:[MAPE-K] Execution complete.
2025-08-08 01:49:34,828 INFO:MAPE-K System:[MAPE-K] Monitoring sensors...
2025-08-08 01:49:34,859 INFO:MAPE-K System:[MAPE-K] Sensor data: [{'node_id': 'motor_1', 'timestamp': datetime.datetime(2025, 8, 8, 1, 49, 34, 60899), 'water_level': None, 'temperature': None, 'tds_voltage': None, 'flow_rate': None}, {'node_id': 'water_flow_1', 'timestamp': datetime.datetime(2025, 8, 8, 1, 49, 34, 47559), 'water_level': None, 'temperature': None, 'tds_voltage': None, 'flow_rate': None}, {'node_id': 'water_level_1', 'timestamp': datetime.datetime(2025, 8, 8, 1, 49, 34, 34174), 'water_level': 3.84, 'temperature': 24.83, 'tds_voltage': None, 'flow_rate': None}, {'node_id': 'water_quality_1', 'timestamp': datetime.datetime(2025, 8, 8, 1, 49, 34, 16494), 'water_level': None, 'temperature': 51.79, 'tds_voltage': 3.68, 'flow_rate': None}]
2025-08-08 01:49:34,859 INFO:MAPE-K System:[MAPE-K] Analyzing data...
2025-08-08 01:49:34,859 WARNING:MAPE-K System:Null value for water_level in node motor_1
2025-08-08 01:49:34,859 WARNING:MAPE-K System:Null value for temperature in node motor_1
2025-08-08 01:49:34,859 WARNING:MAPE-K System:Null value for tds_voltage in node motor_1
2025-08-08 01:49:34,859 WARNING:MAPE-K System:Null value for flow_rate in node motor_1
2025-08-08 01:49:34,859 INFO:MAPE-K System:[MAPE-K] Analysis result: [{'node_id': 'motor_1', 'water_level': 0, 'temperature': 0, 'tds_voltage': 0, 'flow_rate': 0, 'state': 'emergency'}]
2025-08-08 01:49:34,859 INFO:MAPE-K System:[MAPE-K] Planning actions...
2025-08-08 01:49:34,860 INFO:MAPE-K System:[MAPE-K] Plans selected: [{'node_id': 'motor_1', 'plan': (3, 'WL003', 'motor_1', 'emergency_stop', '{"condition": "safety_threshold_exceeded"}', 1, 'emergency', 'Emergency Motor Stop and Alarm', datetime.datetime(2025, 8, 8, 1, 39, 9, 867602))}]
2025-08-08 01:49:34,860 INFO:MAPE-K System:[MAPE-K] Executing plans...
2025-08-08 01:49:34,860 INFO:MAPE-K System:[MAPE-K] Execution complete.
2025-08-08 01:50:34,867 INFO:MAPE-K System:[MAPE-K] Monitoring sensors...
2025-08-08 01:50:34,892 INFO:MAPE-K System:[MAPE-K] Sensor data: [{'node_id': 'motor_1', 'timestamp': datetime.datetime(2025, 8, 8, 1, 50, 34, 110153), 'water_level': None, 'temperature': None, 'tds_voltage': None, 'flow_rate': None}, {'node_id': 'water_flow_1', 'timestamp': datetime.datetime(2025, 8, 8, 1, 50, 34, 95281), 'water_level': None, 'temperature': None, 'tds_voltage': None, 'flow_rate': None}, {'node_id': 'water_level_1', 'timestamp': datetime.datetime(2025, 8, 8, 1, 50, 34, 82149), 'water_level': 8.95, 'temperature': 27.23, 'tds_voltage': None, 'flow_rate': None}, {'node_id': 'water_quality_1', 'timestamp': datetime.datetime(2025, 8, 8, 1, 50, 34, 67309), 'water_level': None, 'temperature': 24.05, 'tds_voltage': 1.03, 'flow_rate': None}]
2025-08-08 01:50:34,892 INFO:MAPE-K System:[MAPE-K] Analyzing data...
2025-08-08 01:50:34,892 WARNING:MAPE-K System:Null value for water_level in node motor_1
2025-08-08 01:50:34,892 WARNING:MAPE-K System:Null value for temperature in node motor_1
2025-08-08 01:50:34,892 WARNING:MAPE-K System:Null value for tds_voltage in node motor_1
2025-08-08 01:50:34,892 WARNING:MAPE-K System:Null value for flow_rate in node motor_1
2025-08-08 01:50:34,892 INFO:MAPE-K System:[MAPE-K] Analysis result: [{'node_id': 'motor_1', 'water_level': 0, 'temperature': 0, 'tds_voltage': 0, 'flow_rate': 0, 'state': 'emergency'}]
2025-08-08 01:50:34,892 INFO:MAPE-K System:[MAPE-K] Planning actions...
2025-08-08 01:50:34,893 INFO:MAPE-K System:[MAPE-K] Plans selected: [{'node_id': 'motor_1', 'plan': (3, 'WL003', 'motor_1', 'emergency_stop', '{"condition": "safety_threshold_exceeded"}', 1, 'emergency', 'Emergency Motor Stop and Alarm', datetime.datetime(2025, 8, 8, 1, 39, 9, 867602))}]
2025-08-08 01:50:34,893 INFO:MAPE-K System:[MAPE-K] Executing plans...
2025-08-08 01:50:34,894 INFO:MAPE-K System:[MAPE-K] Execution complete.
2025-08-08 01:51:19,823 INFO:MAPE-K System:[MAPE-K] Monitoring sensors...
2025-08-08 01:51:19,835 INFO:MAPE-K System:Raw DB row for motor_1 (motor): (datetime.datetime(2025, 8, 8, 1, 51, 18, 666565), 'OFF', 200.49, 15.18, 2431.44, 159.06, 47.08, 0.51)
2025-08-08 01:51:19,840 INFO:MAPE-K System:Raw DB row for water_flow_1 (water_flow): (datetime.datetime(2025, 8, 8, 1, 51, 18, 655452), 17.37, 2132.33, 8.77, 4.53)
2025-08-08 01:51:19,843 INFO:MAPE-K System:Raw DB row for water_level_1 (water_level): (datetime.datetime(2025, 8, 8, 1, 51, 18, 644250), 1.94, 24.68)
2025-08-08 01:51:19,845 INFO:MAPE-K System:Raw DB row for water_quality_1 (water_quality): (datetime.datetime(2025, 8, 8, 1, 51, 18, 628773), 22.97, 1.76, 472.73, 170.47)
2025-08-08 01:51:19,845 INFO:MAPE-K System:[MAPE-K] Sensor data: [{'node_id': 'motor_1', 'timestamp': datetime.datetime(2025, 8, 8, 1, 51, 18, 666565), 'water_level': None, 'temperature': None, 'tds_voltage': None, 'flow_rate': None}, {'node_id': 'water_flow_1', 'timestamp': datetime.datetime(2025, 8, 8, 1, 51, 18, 655452), 'water_level': None, 'temperature': None, 'tds_voltage': None, 'flow_rate': None}, {'node_id': 'water_level_1', 'timestamp': datetime.datetime(2025, 8, 8, 1, 51, 18, 644250), 'water_level': 1.94, 'temperature': 24.68, 'tds_voltage': None, 'flow_rate': None}, {'node_id': 'water_quality_1', 'timestamp': datetime.datetime(2025, 8, 8, 1, 51, 18, 628773), 'water_level': None, 'temperature': 22.97, 'tds_voltage': 1.76, 'flow_rate': None}]
2025-08-08 01:51:19,845 INFO:MAPE-K System:[MAPE-K] Analyzing data...
2025-08-08 01:51:19,845 WARNING:MAPE-K System:Null value for water_level in node motor_1
2025-08-08 01:51:19,846 WARNING:MAPE-K System:Null value for temperature in node motor_1
2025-08-08 01:51:19,846 WARNING:MAPE-K System:Null value for tds_voltage in node motor_1
2025-08-08 01:51:19,846 WARNING:MAPE-K System:Null value for flow_rate in node motor_1
2025-08-08 01:51:19,846 INFO:MAPE-K System:[MAPE-K] Analysis result: [{'node_id': 'motor_1', 'water_level': 0, 'temperature': 0, 'tds_voltage': 0, 'flow_rate': 0, 'state': 'emergency'}]
2025-08-08 01:51:19,846 INFO:MAPE-K System:[MAPE-K] Planning actions...
2025-08-08 01:51:19,846 INFO:MAPE-K System:[MAPE-K] Plans selected: [{'node_id': 'motor_1', 'plan': (3, 'WL003', 'motor_1', 'emergency_stop', '{"condition": "safety_threshold_exceeded"}', 1, 'emergency', 'Emergency Motor Stop and Alarm', datetime.datetime(2025, 8, 8, 1, 39, 9, 867602))}]
2025-08-08 01:51:19,846 INFO:MAPE-K System:[MAPE-K] Executing plans...
2025-08-08 01:51:19,846 INFO:MAPE-K System:[MAPE-K] Execution complete.
2025-08-08 01:52:14,919 INFO:MAPE-K System:[MAPE-K] Monitoring sensors...
2025-08-08 01:52:14,927 INFO:MAPE-K System:Raw DB row for motor_1 (motor): (datetime.datetime(2025, 8, 8, 1, 52, 12, 5953), 'ON', 220.94, 5.11, 1589.85, 54.95, 49.34, 0.89)
2025-08-08 01:52:14,929 INFO:MAPE-K System:Raw DB row for water_flow_1 (water_flow): (datetime.datetime(2025, 8, 8, 1, 52, 14, 918843), 3.78, 862.74, 5.0, 1.11)
2025-08-08 01:52:14,931 INFO:MAPE-K System:Raw DB row for water_level_1 (water_level): (datetime.datetime(2025, 8, 8, 1, 52, 14, 890037), 7.87, 21.28)
2025-08-08 01:52:14,933 INFO:MAPE-K System:Raw DB row for water_quality_1 (water_quality): (datetime.datetime(2025, 8, 8, 1, 52, 14, 903649), 25.51, 1.12, 227.83, 416.99)
2025-08-08 01:52:14,933 INFO:MAPE-K System:[MAPE-K] Sensor data: [{'node_id': 'motor_1', 'timestamp': datetime.datetime(2025, 8, 8, 1, 52, 12, 5953), 'water_level': None, 'temperature': None, 'tds_voltage': None, 'flow_rate': None}, {'node_id': 'water_flow_1', 'timestamp': datetime.datetime(2025, 8, 8, 1, 52, 14, 918843), 'water_level': None, 'temperature': None, 'tds_voltage': None, 'flow_rate': None}, {'node_id': 'water_level_1', 'timestamp': datetime.datetime(2025, 8, 8, 1, 52, 14, 890037), 'water_level': 7.87, 'temperature': 21.28, 'tds_voltage': None, 'flow_rate': None}, {'node_id': 'water_quality_1', 'timestamp': datetime.datetime(2025, 8, 8, 1, 52, 14, 903649), 'water_level': None, 'temperature': 25.51, 'tds_voltage': 1.12, 'flow_rate': None}]
2025-08-08 01:52:14,933 INFO:MAPE-K System:[MAPE-K] Analyzing data...
2025-08-08 01:52:14,933 WARNING:MAPE-K System:Null value for water_level in node motor_1
2025-08-08 01:52:14,933 WARNING:MAPE-K System:Null value for temperature in node motor_1
2025-08-08 01:52:14,933 WARNING:MAPE-K System:Null value for tds_voltage in node motor_1
2025-08-08 01:52:14,933 WARNING:MAPE-K System:Null value for flow_rate in node motor_1
2025-08-08 01:52:14,933 INFO:MAPE-K System:[MAPE-K] Analysis result: [{'node_id': 'motor_1', 'water_level': 0, 'temperature': 0, 'tds_voltage': 0, 'flow_rate': 0, 'state': 'emergency'}]
2025-08-08 01:52:14,933 INFO:MAPE-K System:[MAPE-K] Planning actions...
2025-08-08 01:52:14,934 INFO:MAPE-K System:[MAPE-K] Plans selected: [{'node_id': 'motor_1', 'plan': (3, 'WL003', 'motor_1', 'emergency_stop', '{"condition": "safety_threshold_exceeded"}', 1, 'emergency', 'Emergency Motor Stop and Alarm', datetime.datetime(2025, 8, 8, 1, 39, 9, 867602))}]
2025-08-08 01:52:14,934 INFO:MAPE-K System:[MAPE-K] Executing plans...
2025-08-08 01:52:14,934 INFO:MAPE-K System:[MAPE-K] Execution complete.
2025-08-08 01:53:14,936 INFO:MAPE-K System:[MAPE-K] Monitoring sensors...
2025-08-08 01:53:14,951 INFO:MAPE-K System:Raw DB row for motor_1 (motor): (datetime.datetime(2025, 8, 8, 1, 53, 12, 69487), 'ON', 234.15, 7.3, 859.51, 36.1, 49.21, 0.83)
2025-08-08 01:53:14,957 INFO:MAPE-K System:Raw DB row for water_flow_1 (water_flow): (datetime.datetime(2025, 8, 8, 1, 53, 12, 102736), 6.55, 116.49, 4.42, 2.04)
2025-08-08 01:53:14,962 INFO:MAPE-K System:Raw DB row for water_level_1 (water_level): (datetime.datetime(2025, 8, 8, 1, 53, 12, 89358), 7.6, 24.16)
2025-08-08 01:53:14,966 INFO:MAPE-K System:Raw DB row for water_quality_1 (water_quality): (datetime.datetime(2025, 8, 8, 1, 53, 12, 115449), 28.13, 1.95, 192.81, 428.79)
2025-08-08 01:53:14,967 INFO:MAPE-K System:[MAPE-K] Sensor data: [{'node_id': 'motor_1', 'timestamp': datetime.datetime(2025, 8, 8, 1, 53, 12, 69487), 'water_level': None, 'temperature': None, 'tds_voltage': None, 'flow_rate': None}, {'node_id': 'water_flow_1', 'timestamp': datetime.datetime(2025, 8, 8, 1, 53, 12, 102736), 'water_level': None, 'temperature': None, 'tds_voltage': None, 'flow_rate': None}, {'node_id': 'water_level_1', 'timestamp': datetime.datetime(2025, 8, 8, 1, 53, 12, 89358), 'water_level': 7.6, 'temperature': 24.16, 'tds_voltage': None, 'flow_rate': None}, {'node_id': 'water_quality_1', 'timestamp': datetime.datetime(2025, 8, 8, 1, 53, 12, 115449), 'water_level': None, 'temperature': 28.13, 'tds_voltage': 1.95, 'flow_rate': None}]
2025-08-08 01:53:14,967 INFO:MAPE-K System:[MAPE-K] Analyzing data...
2025-08-08 01:53:14,967 WARNING:MAPE-K System:Null value for water_level in node motor_1
2025-08-08 01:53:14,967 WARNING:MAPE-K System:Null value for temperature in node motor_1
2025-08-08 01:53:14,967 WARNING:MAPE-K System:Null value for tds_voltage in node motor_1
2025-08-08 01:53:14,967 WARNING:MAPE-K System:Null value for flow_rate in node motor_1
2025-08-08 01:53:14,967 INFO:MAPE-K System:[MAPE-K] Analysis result: [{'node_id': 'motor_1', 'water_level': 0, 'temperature': 0, 'tds_voltage': 0, 'flow_rate': 0, 'state': 'emergency'}]
2025-08-08 01:53:14,967 INFO:MAPE-K System:[MAPE-K] Planning actions...
2025-08-08 01:53:14,967 INFO:MAPE-K System:[MAPE-K] Plans selected: [{'node_id': 'motor_1', 'plan': (3, 'WL003', 'motor_1', 'emergency_stop', '{"condition": "safety_threshold_exceeded"}', 1, 'emergency', 'Emergency Motor Stop and Alarm', datetime.datetime(2025, 8, 8, 1, 39, 9, 867602))}]
2025-08-08 01:53:14,967 INFO:MAPE-K System:[MAPE-K] Executing plans...
2025-08-08 01:53:14,968 INFO:MAPE-K System:[MAPE-K] Execution complete.
2025-08-08 01:53:22,008 INFO:MAPE-K System:[MAPE-K] Monitoring sensors...
2025-08-08 01:53:22,012 INFO:MAPE-K System:Raw DB row for motor_1 (motor): (datetime.datetime(2025, 8, 8, 1, 53, 21, 992285), 'ON', 231.7, 9.4, 1425.8, 77.93, 49.36, 0.99)
2025-08-08 01:53:22,015 INFO:MAPE-K System:Raw DB row for water_flow_1 (water_flow): (datetime.datetime(2025, 8, 8, 1, 53, 21, 942318), 6.06, 623.01, 4.65, 0.51)
2025-08-08 01:53:22,017 INFO:MAPE-K System:Raw DB row for water_level_1 (water_level): (datetime.datetime(2025, 8, 8, 1, 53, 21, 963714), 3.35, 25.82)
2025-08-08 01:53:22,019 INFO:MAPE-K System:Raw DB row for water_quality_1 (water_quality): (datetime.datetime(2025, 8, 8, 1, 53, 21, 975552), 24.77, 1.41, 206.91, 261.84)
2025-08-08 01:53:22,019 INFO:MAPE-K System:[MAPE-K] Sensor data: [{'node_id': 'motor_1', 'timestamp': datetime.datetime(2025, 8, 8, 1, 53, 21, 992285), 'water_level': None, 'temperature': None, 'tds_voltage': None, 'flow_rate': None}, {'node_id': 'water_flow_1', 'timestamp': datetime.datetime(2025, 8, 8, 1, 53, 21, 942318), 'water_level': None, 'temperature': None, 'tds_voltage': None, 'flow_rate': None}, {'node_id': 'water_level_1', 'timestamp': datetime.datetime(2025, 8, 8, 1, 53, 21, 963714), 'water_level': 3.35, 'temperature': 25.82, 'tds_voltage': None, 'flow_rate': None}, {'node_id': 'water_quality_1', 'timestamp': datetime.datetime(2025, 8, 8, 1, 53, 21, 975552), 'water_level': None, 'temperature': 24.77, 'tds_voltage': 1.41, 'flow_rate': None}]
2025-08-08 01:53:22,019 INFO:MAPE-K System:[MAPE-K] Analyzing data...
2025-08-08 01:53:22,019 WARNING:MAPE-K System:Null value for water_level in node motor_1
2025-08-08 01:53:22,019 WARNING:MAPE-K System:Null value for temperature in node motor_1
2025-08-08 01:53:22,019 WARNING:MAPE-K System:Null value for tds_voltage in node motor_1
2025-08-08 01:53:22,019 WARNING:MAPE-K System:Null value for flow_rate in node motor_1
2025-08-08 01:53:22,019 WARNING:MAPE-K System:Null value for water_level in node water_flow_1
2025-08-08 01:53:22,019 WARNING:MAPE-K System:Null value for temperature in node water_flow_1
2025-08-08 01:53:22,019 WARNING:MAPE-K System:Null value for tds_voltage in node water_flow_1
2025-08-08 01:53:22,019 WARNING:MAPE-K System:Null value for flow_rate in node water_flow_1
2025-08-08 01:53:22,020 WARNING:MAPE-K System:Null value for tds_voltage in node water_level_1
2025-08-08 01:53:22,020 WARNING:MAPE-K System:Null value for flow_rate in node water_level_1
2025-08-08 01:53:22,020 WARNING:MAPE-K System:Null value for water_level in node water_quality_1
2025-08-08 01:53:22,020 WARNING:MAPE-K System:Null value for flow_rate in node water_quality_1
2025-08-08 01:53:22,020 INFO:MAPE-K System:[MAPE-K] Analysis result: [{'node_id': 'motor_1', 'water_level': 0, 'temperature': 0, 'tds_voltage': 0, 'flow_rate': 0, 'state': 'emergency'}, {'node_id': 'water_flow_1', 'water_level': 0, 'temperature': 0, 'tds_voltage': 0, 'flow_rate': 0, 'state': 'emergency'}, {'node_id': 'water_level_1', 'water_level': 1, 'temperature': 1, 'tds_voltage': 0, 'flow_rate': 0, 'state': 'alert'}, {'node_id': 'water_quality_1', 'water_level': 0, 'temperature': 1, 'tds_voltage': 1, 'flow_rate': 0, 'state': 'alert'}]
2025-08-08 01:53:22,020 INFO:MAPE-K System:[MAPE-K] Planning actions...
2025-08-08 01:53:22,022 INFO:MAPE-K System:[MAPE-K] Plans selected: [{'node_id': 'motor_1', 'plan': (3, 'WL003', 'motor_1', 'emergency_stop', '{"condition": "safety_threshold_exceeded"}', 1, 'emergency', 'Emergency Motor Stop and Alarm', datetime.datetime(2025, 8, 8, 1, 39, 9, 867602))}, {'node_id': 'water_flow_1', 'plan': (3, 'WL003', 'motor_1', 'emergency_stop', '{"condition": "safety_threshold_exceeded"}', 1, 'emergency', 'Emergency Motor Stop and Alarm', datetime.datetime(2025, 8, 8, 1, 39, 9, 867602))}, {'node_id': 'water_level_1', 'plan': (1, 'WL001', 'motor_1', 'turn_on_motor', '{"condition": "water_level_low"}', 1, 'alert', 'Motor Start when OHT below minimum', datetime.datetime(2025, 8, 8, 1, 39, 9, 867602))}, {'node_id': 'water_quality_1', 'plan': (1, 'WL001', 'motor_1', 'turn_on_motor', '{"condition": "water_level_low"}', 1, 'alert', 'Motor Start when OHT below minimum', datetime.datetime(2025, 8, 8, 1, 39, 9, 867602))}]
2025-08-08 01:53:22,022 INFO:MAPE-K System:[MAPE-K] Executing plans...
2025-08-08 01:53:22,022 INFO:MAPE-K System:[MAPE-K] Execution complete.
2025-08-08 01:54:22,024 INFO:MAPE-K System:[MAPE-K] Monitoring sensors...
2025-08-08 01:54:22,030 INFO:MAPE-K System:Raw DB row for motor_1 (motor): (datetime.datetime(2025, 8, 8, 1, 54, 18, 805150), 'OFF', 230.38, 1.61, 351.87, 19.27, 50.55, 0.83)
2025-08-08 01:54:22,032 INFO:MAPE-K System:Raw DB row for water_flow_1 (water_flow): (datetime.datetime(2025, 8, 8, 1, 54, 21, 984765), 15.92, 2066.95, 8.14, 3.42)
2025-08-08 01:54:22,034 INFO:MAPE-K System:Raw DB row for water_level_1 (water_level): (datetime.datetime(2025, 8, 8, 1, 54, 22, 317), 3.25, 27.76)
2025-08-08 01:54:22,036 INFO:MAPE-K System:Raw DB row for water_quality_1 (water_quality): (datetime.datetime(2025, 8, 8, 1, 54, 22, 15312), 26.58, 1.38, 328.29, 136.02)
2025-08-08 01:54:22,036 INFO:MAPE-K System:[MAPE-K] Sensor data: [{'node_id': 'motor_1', 'timestamp': datetime.datetime(2025, 8, 8, 1, 54, 18, 805150), 'water_level': None, 'temperature': None, 'tds_voltage': None, 'flow_rate': None}, {'node_id': 'water_flow_1', 'timestamp': datetime.datetime(2025, 8, 8, 1, 54, 21, 984765), 'water_level': None, 'temperature': None, 'tds_voltage': None, 'flow_rate': None}, {'node_id': 'water_level_1', 'timestamp': datetime.datetime(2025, 8, 8, 1, 54, 22, 317), 'water_level': 3.25, 'temperature': 27.76, 'tds_voltage': None, 'flow_rate': None}, {'node_id': 'water_quality_1', 'timestamp': datetime.datetime(2025, 8, 8, 1, 54, 22, 15312), 'water_level': None, 'temperature': 26.58, 'tds_voltage': 1.38, 'flow_rate': None}]
2025-08-08 01:54:22,036 INFO:MAPE-K System:[MAPE-K] Analyzing data...
2025-08-08 01:54:22,036 WARNING:MAPE-K System:Null value for water_level in node motor_1
2025-08-08 01:54:22,036 WARNING:MAPE-K System:Null value for temperature in node motor_1
2025-08-08 01:54:22,036 WARNING:MAPE-K System:Null value for tds_voltage in node motor_1
2025-08-08 01:54:22,036 WARNING:MAPE-K System:Null value for flow_rate in node motor_1
2025-08-08 01:54:22,036 WARNING:MAPE-K System:Null value for water_level in node water_flow_1
2025-08-08 01:54:22,036 WARNING:MAPE-K System:Null value for temperature in node water_flow_1
2025-08-08 01:54:22,036 WARNING:MAPE-K System:Null value for tds_voltage in node water_flow_1
2025-08-08 01:54:22,036 WARNING:MAPE-K System:Null value for flow_rate in node water_flow_1
2025-08-08 01:54:22,037 WARNING:MAPE-K System:Null value for tds_voltage in node water_level_1
2025-08-08 01:54:22,037 WARNING:MAPE-K System:Null value for flow_rate in node water_level_1
2025-08-08 01:54:22,037 WARNING:MAPE-K System:Null value for water_level in node water_quality_1
2025-08-08 01:54:22,037 WARNING:MAPE-K System:Null value for flow_rate in node water_quality_1
2025-08-08 01:54:22,038 INFO:MAPE-K System:[MAPE-K] Analysis result: [{'node_id': 'motor_1', 'water_level': 0, 'temperature': 0, 'tds_voltage': 0, 'flow_rate': 0, 'state': 'emergency'}, {'node_id': 'water_flow_1', 'water_level': 0, 'temperature': 0, 'tds_voltage': 0, 'flow_rate': 0, 'state': 'emergency'}, {'node_id': 'water_level_1', 'water_level': 1, 'temperature': 1, 'tds_voltage': 0, 'flow_rate': 0, 'state': 'alert'}, {'node_id': 'water_quality_1', 'water_level': 0, 'temperature': 1, 'tds_voltage': 1, 'flow_rate': 0, 'state': 'alert'}]
2025-08-08 01:54:22,038 INFO:MAPE-K System:[MAPE-K] Planning actions...
2025-08-08 01:54:22,038 INFO:MAPE-K System:[MAPE-K] Plans selected: [{'node_id': 'motor_1', 'plan': (3, 'WL003', 'motor_1', 'emergency_stop', '{"condition": "safety_threshold_exceeded"}', 1, 'emergency', 'Emergency Motor Stop and Alarm', datetime.datetime(2025, 8, 8, 1, 39, 9, 867602))}, {'node_id': 'water_flow_1', 'plan': (3, 'WL003', 'motor_1', 'emergency_stop', '{"condition": "safety_threshold_exceeded"}', 1, 'emergency', 'Emergency Motor Stop and Alarm', datetime.datetime(2025, 8, 8, 1, 39, 9, 867602))}, {'node_id': 'water_level_1', 'plan': (1, 'WL001', 'motor_1', 'turn_on_motor', '{"condition": "water_level_low"}', 1, 'alert', 'Motor Start when OHT below minimum', datetime.datetime(2025, 8, 8, 1, 39, 9, 867602))}, {'node_id': 'water_quality_1', 'plan': (1, 'WL001', 'motor_1', 'turn_on_motor', '{"condition": "water_level_low"}', 1, 'alert', 'Motor Start when OHT below minimum', datetime.datetime(2025, 8, 8, 1, 39, 9, 867602))}]
2025-08-08 01:54:22,039 INFO:MAPE-K System:[MAPE-K] Executing plans...
2025-08-08 01:54:22,039 INFO:MAPE-K System:[MAPE-K] Execution complete.
2025-08-08 01:54:45,447 INFO:MAPE-K System:[MAPE-K] Monitoring sensors...
2025-08-08 01:54:45,462 INFO:MAPE-K System:Raw DB row for motor_1 (motor): (datetime.datetime(2025, 8, 8, 1, 54, 44, 469693), 'ON', 229.64, 1.9, 1577.9, 74.08, 49.17, 0.9)
2025-08-08 01:54:45,470 INFO:MAPE-K System:Raw DB row for water_flow_1 (water_flow): (datetime.datetime(2025, 8, 8, 1, 54, 44, 486146), 7.81, 773.05, 3.67, 2.33)
2025-08-08 01:54:45,475 INFO:MAPE-K System:Raw DB row for water_level_1 (water_level): (datetime.datetime(2025, 8, 8, 1, 54, 44, 455593), 9.23, 24.76)
2025-08-08 01:54:45,480 INFO:MAPE-K System:Raw DB row for water_quality_1 (water_quality): (datetime.datetime(2025, 8, 8, 1, 54, 44, 497819), 42.75, 4.63, 609.52, 811.12)
2025-08-08 01:54:45,480 INFO:MAPE-K System:[MAPE-K] Sensor data: [{'node_id': 'motor_1', 'timestamp': datetime.datetime(2025, 8, 8, 1, 54, 44, 469693), 'water_level': None, 'temperature': None, 'tds_voltage': None, 'flow_rate': None}, {'node_id': 'water_flow_1', 'timestamp': datetime.datetime(2025, 8, 8, 1, 54, 44, 486146), 'water_level': None, 'temperature': None, 'tds_voltage': None, 'flow_rate': None}, {'node_id': 'water_level_1', 'timestamp': datetime.datetime(2025, 8, 8, 1, 54, 44, 455593), 'water_level': 9.23, 'temperature': 24.76, 'tds_voltage': None, 'flow_rate': None}, {'node_id': 'water_quality_1', 'timestamp': datetime.datetime(2025, 8, 8, 1, 54, 44, 497819), 'water_level': None, 'temperature': 42.75, 'tds_voltage': 4.63, 'flow_rate': None}]
2025-08-08 01:54:45,480 INFO:MAPE-K System:[MAPE-K] Analyzing data...
2025-08-08 01:54:45,480 WARNING:MAPE-K System:Null value for water_level in node motor_1
2025-08-08 01:54:45,480 WARNING:MAPE-K System:Null value for temperature in node motor_1
2025-08-08 01:54:45,480 WARNING:MAPE-K System:Null value for tds_voltage in node motor_1
2025-08-08 01:54:45,480 WARNING:MAPE-K System:Null value for flow_rate in node motor_1
2025-08-08 01:54:45,480 WARNING:MAPE-K System:Null value for water_level in node water_flow_1
2025-08-08 01:54:45,480 WARNING:MAPE-K System:Null value for temperature in node water_flow_1
2025-08-08 01:54:45,480 WARNING:MAPE-K System:Null value for tds_voltage in node water_flow_1
2025-08-08 01:54:45,481 WARNING:MAPE-K System:Null value for flow_rate in node water_flow_1
2025-08-08 01:54:45,481 WARNING:MAPE-K System:Null value for tds_voltage in node water_level_1
2025-08-08 01:54:45,481 WARNING:MAPE-K System:Null value for flow_rate in node water_level_1
2025-08-08 01:54:45,482 WARNING:MAPE-K System:Null value for water_level in node water_quality_1
2025-08-08 01:54:45,482 WARNING:MAPE-K System:Null value for flow_rate in node water_quality_1
2025-08-08 01:54:45,482 INFO:MAPE-K System:[MAPE-K] Analysis result: [{'node_id': 'motor_1', 'water_level': 0, 'temperature': 0, 'tds_voltage': 0, 'flow_rate': 0, 'state': 'emergency'}, {'node_id': 'water_flow_1', 'water_level': 0, 'temperature': 0, 'tds_voltage': 0, 'flow_rate': 0, 'state': 'emergency'}, {'node_id': 'water_level_1', 'water_level': 0, 'temperature': 1, 'tds_voltage': 0, 'flow_rate': 0, 'state': 'alert'}, {'node_id': 'water_quality_1', 'water_level': 0, 'temperature': 0, 'tds_voltage': 1, 'flow_rate': 0, 'state': 'alert'}]
2025-08-08 01:54:45,482 INFO:MAPE-K System:[MAPE-K] Planning actions...
2025-08-08 01:54:45,483 INFO:MAPE-K System:[MAPE-K] Plans selected: [{'node_id': 'motor_1', 'plan': (3, 'WL003', 'motor_1', 'emergency_stop', '{"condition": "safety_threshold_exceeded"}', 1, 'emergency', 'Emergency Motor Stop and Alarm', datetime.datetime(2025, 8, 8, 1, 39, 9, 867602))}, {'node_id': 'water_flow_1', 'plan': (3, 'WL003', 'motor_1', 'emergency_stop', '{"condition": "safety_threshold_exceeded"}', 1, 'emergency', 'Emergency Motor Stop and Alarm', datetime.datetime(2025, 8, 8, 1, 39, 9, 867602))}, {'node_id': 'water_level_1', 'plan': (1, 'WL001', 'motor_1', 'turn_on_motor', '{"condition": "water_level_low"}', 1, 'alert', 'Motor Start when OHT below minimum', datetime.datetime(2025, 8, 8, 1, 39, 9, 867602))}, {'node_id': 'water_quality_1', 'plan': (1, 'WL001', 'motor_1', 'turn_on_motor', '{"condition": "water_level_low"}', 1, 'alert', 'Motor Start when OHT below minimum', datetime.datetime(2025, 8, 8, 1, 39, 9, 867602))}]
2025-08-08 01:54:45,483 INFO:MAPE-K System:[MAPE-K] Executing plans...
2025-08-08 01:54:45,483 INFO:MAPE-K System:[MAPE-K] Execution complete.
2025-08-08 01:55:30,240 INFO:MAPE-K System:[MAPE-K] Monitoring sensors...
2025-08-08 01:55:30,253 INFO:MAPE-K System:Raw DB row for motor_1 (motor): (datetime.datetime(2025, 8, 8, 1, 55, 29, 663546), 'OFF', 227.37, 7.34, 934.64, 98.8, 49.63, 0.9)
2025-08-08 01:55:30,261 INFO:MAPE-K System:Raw DB row for water_flow_1 (water_flow): (datetime.datetime(2025, 8, 8, 1, 55, 29, 642312), 5.63, 458.86, 3.42, 1.37)
2025-08-08 01:55:30,266 INFO:MAPE-K System:Raw DB row for water_level_1 (water_level): (datetime.datetime(2025, 8, 8, 1, 55, 29, 652943), 3.89, 23.29)
2025-08-08 01:55:30,270 INFO:MAPE-K System:Raw DB row for water_quality_1 (water_quality): (datetime.datetime(2025, 8, 8, 1, 55, 29, 630635), 27.85, 1.2, 233.68, 105.99)
2025-08-08 01:55:30,270 INFO:MAPE-K System:[MAPE-K] Sensor data: [{'node_id': 'motor_1', 'timestamp': datetime.datetime(2025, 8, 8, 1, 55, 29, 663546), 'status': 'OFF', 'voltage': 227.37, 'current': 7.34, 'power': 934.64, 'energy': 98.8, 'frequency': 49.63, 'power_factor': 0.9}, {'node_id': 'water_flow_1', 'timestamp': datetime.datetime(2025, 8, 8, 1, 55, 29, 642312), 'flowrate': 5.63, 'total_flow': 458.86, 'pressure': 3.42, 'pressure_voltage': 1.37}, {'node_id': 'water_level_1', 'timestamp': datetime.datetime(2025, 8, 8, 1, 55, 29, 652943), 'water_level': 3.89, 'temperature': 23.29}, {'node_id': 'water_quality_1', 'timestamp': datetime.datetime(2025, 8, 8, 1, 55, 29, 630635), 'temperature': 27.85, 'tds_voltage': 1.2, 'uncompensated_tds': 233.68, 'compensated_tds': 105.99}]
2025-08-08 01:55:30,271 INFO:MAPE-K System:[MAPE-K] Analyzing data...
2025-08-08 01:55:30,274 INFO:MAPE-K System:[MAPE-K] Analysis result: [{'node_id': 'motor_1', 'status': 1, 'voltage': 1, 'current': 1, 'power': 1, 'energy': 1, 'frequency': 1, 'power_factor': 1, 'state': 'normal'}, {'node_id': 'water_flow_1', 'flowrate': 1, 'total_flow': 1, 'pressure': 1, 'pressure_voltage': 1, 'state': 'normal'}, {'node_id': 'water_level_1', 'water_level': 1, 'temperature': 1, 'state': 'normal'}, {'node_id': 'water_quality_1', 'temperature': 1, 'tds_voltage': 1, 'uncompensated_tds': 1, 'compensated_tds': 1, 'state': 'normal'}]
2025-08-08 01:55:30,274 INFO:MAPE-K System:[MAPE-K] Planning actions...
2025-08-08 01:55:30,276 INFO:MAPE-K System:[MAPE-K] Plans selected: []
2025-08-08 01:55:30,276 INFO:MAPE-K System:[MAPE-K] Executing plans...
2025-08-08 01:55:30,276 INFO:MAPE-K System:[MAPE-K] Execution complete.
2025-08-08 01:56:30,279 INFO:MAPE-K System:[MAPE-K] Monitoring sensors...
2025-08-08 01:56:30,296 INFO:MAPE-K System:Raw DB row for motor_1 (motor): (datetime.datetime(2025, 8, 8, 1, 56, 29, 723261), 'OFF', 206.65, 17.91, 2205.35, 182.89, 47.24, 0.67)
2025-08-08 01:56:30,303 INFO:MAPE-K System:Raw DB row for water_flow_1 (water_flow): (datetime.datetime(2025, 8, 8, 1, 56, 29, 700437), 18.22, 2676.8, 7.21, 4.05)
2025-08-08 01:56:30,309 INFO:MAPE-K System:Raw DB row for water_level_1 (water_level): (datetime.datetime(2025, 8, 8, 1, 56, 29, 712304), 5.8, 29.17)
2025-08-08 01:56:30,316 INFO:MAPE-K System:Raw DB row for water_quality_1 (water_quality): (datetime.datetime(2025, 8, 8, 1, 56, 29, 687785), 22.38, 1.11, 303.47, 329.56)
2025-08-08 01:56:30,316 INFO:MAPE-K System:[MAPE-K] Sensor data: [{'node_id': 'motor_1', 'timestamp': datetime.datetime(2025, 8, 8, 1, 56, 29, 723261), 'status': 'OFF', 'voltage': 206.65, 'current': 17.91, 'power': 2205.35, 'energy': 182.89, 'frequency': 47.24, 'power_factor': 0.67}, {'node_id': 'water_flow_1', 'timestamp': datetime.datetime(2025, 8, 8, 1, 56, 29, 700437), 'flowrate': 18.22, 'total_flow': 2676.8, 'pressure': 7.21, 'pressure_voltage': 4.05}, {'node_id': 'water_level_1', 'timestamp': datetime.datetime(2025, 8, 8, 1, 56, 29, 712304), 'water_level': 5.8, 'temperature': 29.17}, {'node_id': 'water_quality_1', 'timestamp': datetime.datetime(2025, 8, 8, 1, 56, 29, 687785), 'temperature': 22.38, 'tds_voltage': 1.11, 'uncompensated_tds': 303.47, 'compensated_tds': 329.56}]
2025-08-08 01:56:30,316 INFO:MAPE-K System:[MAPE-K] Analyzing data...
2025-08-08 01:56:30,321 INFO:MAPE-K System:[MAPE-K] Analysis result: [{'node_id': 'motor_1', 'status': 1, 'voltage': 0, 'current': 0, 'power': 1, 'energy': 1, 'frequency': 1, 'power_factor': 0, 'state': 'normal'}, {'node_id': 'water_flow_1', 'flowrate': 0, 'total_flow': 1, 'pressure': 0, 'pressure_voltage': 1, 'state': 'normal'}, {'node_id': 'water_level_1', 'water_level': 1, 'temperature': 1, 'state': 'normal'}, {'node_id': 'water_quality_1', 'temperature': 1, 'tds_voltage': 1, 'uncompensated_tds': 1, 'compensated_tds': 1, 'state': 'normal'}]
2025-08-08 01:56:30,321 INFO:MAPE-K System:[MAPE-K] Planning actions...
2025-08-08 01:56:30,322 INFO:MAPE-K System:[MAPE-K] Plans selected: []
2025-08-08 01:56:30,322 INFO:MAPE-K System:[MAPE-K] Executing plans...
2025-08-08 01:56:30,323 INFO:MAPE-K System:[MAPE-K] Execution complete.
2025-08-08 01:57:30,325 INFO:MAPE-K System:[MAPE-K] Monitoring sensors...
2025-08-08 01:57:30,339 INFO:MAPE-K System:Raw DB row for motor_1 (motor): (datetime.datetime(2025, 8, 8, 1, 57, 29, 757993), 'OFF', 234.71, 5.67, 592.51, 47.49, 50.38, 0.85)
2025-08-08 01:57:30,345 INFO:MAPE-K System:Raw DB row for water_flow_1 (water_flow): (datetime.datetime(2025, 8, 8, 1, 57, 29, 736356), 4.93, 997.13, 2.38, 1.95)
2025-08-08 01:57:30,349 INFO:MAPE-K System:Raw DB row for water_level_1 (water_level): (datetime.datetime(2025, 8, 8, 1, 57, 29, 747233), 6.59, 20.39)
2025-08-08 01:57:30,353 INFO:MAPE-K System:Raw DB row for water_quality_1 (water_quality): (datetime.datetime(2025, 8, 8, 1, 57, 29, 721201), 22.61, 2.48, 230.25, 342.26)
2025-08-08 01:57:30,354 INFO:MAPE-K System:[MAPE-K] Sensor data: [{'node_id': 'motor_1', 'timestamp': datetime.datetime(2025, 8, 8, 1, 57, 29, 757993), 'status': 'OFF', 'voltage': 234.71, 'current': 5.67, 'power': 592.51, 'energy': 47.49, 'frequency': 50.38, 'power_factor': 0.85}, {'node_id': 'water_flow_1', 'timestamp': datetime.datetime(2025, 8, 8, 1, 57, 29, 736356), 'flowrate': 4.93, 'total_flow': 997.13, 'pressure': 2.38, 'pressure_voltage': 1.95}, {'node_id': 'water_level_1', 'timestamp': datetime.datetime(2025, 8, 8, 1, 57, 29, 747233), 'water_level': 6.59, 'temperature': 20.39}, {'node_id': 'water_quality_1', 'timestamp': datetime.datetime(2025, 8, 8, 1, 57, 29, 721201), 'temperature': 22.61, 'tds_voltage': 2.48, 'uncompensated_tds': 230.25, 'compensated_tds': 342.26}]
2025-08-08 01:57:30,354 INFO:MAPE-K System:[MAPE-K] Analyzing data...
2025-08-08 01:57:30,357 INFO:MAPE-K System:[MAPE-K] Analysis result: [{'node_id': 'motor_1', 'status': 1, 'voltage': 1, 'current': 1, 'power': 1, 'energy': 1, 'frequency': 1, 'power_factor': 1, 'state': 'normal'}, {'node_id': 'water_flow_1', 'flowrate': 1, 'total_flow': 1, 'pressure': 1, 'pressure_voltage': 1, 'state': 'normal'}, {'node_id': 'water_level_1', 'water_level': 1, 'temperature': 1, 'state': 'normal'}, {'node_id': 'water_quality_1', 'temperature': 1, 'tds_voltage': 1, 'uncompensated_tds': 1, 'compensated_tds': 1, 'state': 'normal'}]
2025-08-08 01:57:30,357 INFO:MAPE-K System:[MAPE-K] Planning actions...
2025-08-08 01:57:30,358 INFO:MAPE-K System:[MAPE-K] Plans selected: []
2025-08-08 01:57:30,358 INFO:MAPE-K System:[MAPE-K] Executing plans...
2025-08-08 01:57:30,358 INFO:MAPE-K System:[MAPE-K] Execution complete.
2025-08-08 01:58:30,360 INFO:MAPE-K System:[MAPE-K] Monitoring sensors...
2025-08-08 01:58:30,371 INFO:MAPE-K System:Raw DB row for motor_1 (motor): (datetime.datetime(2025, 8, 8, 1, 58, 29, 792796), 'OFF', 201.07, 17.39, 2907.04, 187.85, 45.79, 0.64)
2025-08-08 01:58:30,377 INFO:MAPE-K System:Raw DB row for water_flow_1 (water_flow): (datetime.datetime(2025, 8, 8, 1, 58, 29, 770036), 1.18, 835.68, 1.36, 0.94)
2025-08-08 01:58:30,383 INFO:MAPE-K System:Raw DB row for water_level_1 (water_level): (datetime.datetime(2025, 8, 8, 1, 58, 29, 782236), 1.44, 23.91)
2025-08-08 01:58:30,388 INFO:MAPE-K System:Raw DB row for water_quality_1 (water_quality): (datetime.datetime(2025, 8, 8, 1, 58, 29, 756370), 54.83, 3.44, 958.0, 644.66)
2025-08-08 01:58:30,388 INFO:MAPE-K System:[MAPE-K] Sensor data: [{'node_id': 'motor_1', 'timestamp': datetime.datetime(2025, 8, 8, 1, 58, 29, 792796), 'status': 'OFF', 'voltage': 201.07, 'current': 17.39, 'power': 2907.04, 'energy': 187.85, 'frequency': 45.79, 'power_factor': 0.64}, {'node_id': 'water_flow_1', 'timestamp': datetime.datetime(2025, 8, 8, 1, 58, 29, 770036), 'flowrate': 1.18, 'total_flow': 835.68, 'pressure': 1.36, 'pressure_voltage': 0.94}, {'node_id': 'water_level_1', 'timestamp': datetime.datetime(2025, 8, 8, 1, 58, 29, 782236), 'water_level': 1.44, 'temperature': 23.91}, {'node_id': 'water_quality_1', 'timestamp': datetime.datetime(2025, 8, 8, 1, 58, 29, 756370), 'temperature': 54.83, 'tds_voltage': 3.44, 'uncompensated_tds': 958.0, 'compensated_tds': 644.66}]
2025-08-08 01:58:30,388 INFO:MAPE-K System:[MAPE-K] Analyzing data...
2025-08-08 01:58:30,393 INFO:MAPE-K System:[MAPE-K] Analysis result: [{'node_id': 'motor_1', 'status': 1, 'voltage': 0, 'current': 0, 'power': 1, 'energy': 1, 'frequency': 1, 'power_factor': 0, 'state': 'normal'}, {'node_id': 'water_flow_1', 'flowrate': 1, 'total_flow': 1, 'pressure': 1, 'pressure_voltage': 1, 'state': 'normal'}, {'node_id': 'water_level_1', 'water_level': 0, 'temperature': 1, 'state': 'normal'}, {'node_id': 'water_quality_1', 'temperature': 0, 'tds_voltage': 1, 'uncompensated_tds': 1, 'compensated_tds': 0, 'state': 'normal'}]
2025-08-08 01:58:30,393 INFO:MAPE-K System:[MAPE-K] Planning actions...
2025-08-08 01:58:30,394 INFO:MAPE-K System:[MAPE-K] Plans selected: []
2025-08-08 01:58:30,394 INFO:MAPE-K System:[MAPE-K] Executing plans...
2025-08-08 01:58:30,394 INFO:MAPE-K System:[MAPE-K] Execution complete.
